CRITICAL - 2023-01-12 00:09:47 --> Object of class CodeIgniter\Pager\Pager could not be converted to string
in APPPATH\Modules\Auth\Views\user_list.php on line 78.
 1 SYSTEMPATH\View\View.php(213): include()
 2 SYSTEMPATH\View\View.php(216): CodeIgniter\View\View->CodeIgniter\View\{closure}()
 3 SYSTEMPATH\Common.php(1135): CodeIgniter\View\View->render('Auth\\Views\\user_list', [], true)
 4 APPPATH\Modules\Auth\Controllers\AccountController.php(74): view('Auth\\Views\\user_list', [...])
 5 SYSTEMPATH\CodeIgniter.php(925): Auth\Controllers\AccountController->userList()
 6 SYSTEMPATH\CodeIgniter.php(480): CodeIgniter\CodeIgniter->runController(Object(Auth\Controllers\AccountController))
 7 SYSTEMPATH\CodeIgniter.php(349): CodeIgniter\CodeIgniter->handleRequest(null, Object(Config\Cache), false)
 8 FCPATH\index.php(67): CodeIgniter\CodeIgniter->run()
CRITICAL - 2023-01-12 03:26:39 --> Class "Master\Models\BranchModel" not found
in APPPATH\Modules\Master\Controllers\Master.php on line 33.
 1 SYSTEMPATH\CodeIgniter.php(925): App\Modules\Master\Controllers\Master->branches()
 2 SYSTEMPATH\CodeIgniter.php(480): CodeIgniter\CodeIgniter->runController(Object(App\Modules\Master\Controllers\Master))
 3 SYSTEMPATH\CodeIgniter.php(349): CodeIgniter\CodeIgniter->handleRequest(null, Object(Config\Cache), false)
 4 FCPATH\index.php(67): CodeIgniter\CodeIgniter->run()
ERROR - 2023-01-12 03:27:34 --> mysqli_sql_exception: Table 'er.master' doesn't exist in C:\xampp\htdocs\er\system\Database\MySQLi\Connection.php:292
Stack trace:
#0 C:\xampp\htdocs\er\system\Database\MySQLi\Connection.php(292): mysqli->query('SELECT *\nFROM `...', 0)
#1 C:\xampp\htdocs\er\system\Database\BaseConnection.php(666): CodeIgniter\Database\MySQLi\Connection->execute('SELECT *\nFROM `...')
#2 C:\xampp\htdocs\er\system\Database\BaseConnection.php(593): CodeIgniter\Database\BaseConnection->simpleQuery('SELECT *\nFROM `...')
#3 C:\xampp\htdocs\er\system\Database\BaseBuilder.php(1585): CodeIgniter\Database\BaseConnection->query('SELECT *\nFROM `...', Array, false)
#4 C:\xampp\htdocs\er\system\Model.php(240): CodeIgniter\Database\BaseBuilder->get()
#5 C:\xampp\htdocs\er\system\BaseModel.php(586): CodeIgniter\Model->doFindAll(0, 0)
#6 C:\xampp\htdocs\er\app\Modules\Master\Controllers\Master.php(49): CodeIgniter\BaseModel->findAll()
#7 C:\xampp\htdocs\er\system\CodeIgniter.php(925): App\Modules\Master\Controllers\Master->branches()
#8 C:\xampp\htdocs\er\system\CodeIgniter.php(480): CodeIgniter\CodeIgniter->runController(Object(App\Modules\Master\Controllers\Master))
#9 C:\xampp\htdocs\er\system\CodeIgniter.php(349): CodeIgniter\CodeIgniter->handleRequest(NULL, Object(Config\Cache), false)
#10 C:\xampp\htdocs\er\index.php(67): CodeIgniter\CodeIgniter->run()
#11 {main}
CRITICAL - 2023-01-12 03:27:34 --> Table 'er.master' doesn't exist
in SYSTEMPATH\Database\MySQLi\Connection.php on line 292.
 1 SYSTEMPATH\Database\MySQLi\Connection.php(292): mysqli->query('SELECT *
FROM `master`', 0)
 2 SYSTEMPATH\Database\BaseConnection.php(666): CodeIgniter\Database\MySQLi\Connection->execute('SELECT *
FROM `master`')
 3 SYSTEMPATH\Database\BaseConnection.php(593): CodeIgniter\Database\BaseConnection->simpleQuery('SELECT *
FROM `master`')
 4 SYSTEMPATH\Database\BaseBuilder.php(1585): CodeIgniter\Database\BaseConnection->query('SELECT *
FROM `master`', [], false)
 5 SYSTEMPATH\Model.php(240): CodeIgniter\Database\BaseBuilder->get()
 6 SYSTEMPATH\BaseModel.php(586): CodeIgniter\Model->doFindAll(0, 0)
 7 APPPATH\Modules\Master\Controllers\Master.php(49): CodeIgniter\BaseModel->findAll()
 8 SYSTEMPATH\CodeIgniter.php(925): App\Modules\Master\Controllers\Master->branches()
 9 SYSTEMPATH\CodeIgniter.php(480): CodeIgniter\CodeIgniter->runController(Object(App\Modules\Master\Controllers\Master))
10 SYSTEMPATH\CodeIgniter.php(349): CodeIgniter\CodeIgniter->handleRequest(null, Object(Config\Cache), false)
11 FCPATH\index.php(67): CodeIgniter\CodeIgniter->run()
CRITICAL - 2023-01-12 03:28:22 --> Undefined array key "branches"
in APPPATH\Modules\Master\Controllers\Master.php on line 50.
 1 APPPATH\Modules\Master\Controllers\Master.php(50): CodeIgniter\Debug\Exceptions->errorHandler(2, 'Undefined array key "branches"', 'APPPATH\\Modules\\Master\\Controllers\\Master.php', 50)
 2 SYSTEMPATH\CodeIgniter.php(925): App\Modules\Master\Controllers\Master->branches()
 3 SYSTEMPATH\CodeIgniter.php(480): CodeIgniter\CodeIgniter->runController(Object(App\Modules\Master\Controllers\Master))
 4 SYSTEMPATH\CodeIgniter.php(349): CodeIgniter\CodeIgniter->handleRequest(null, Object(Config\Cache), false)
 5 FCPATH\index.php(67): CodeIgniter\CodeIgniter->run()
CRITICAL - 2023-01-12 03:28:55 --> Attempt to read property "views" on null
in APPPATH\Modules\Master\Controllers\Master.php on line 52.
 1 APPPATH\Modules\Master\Controllers\Master.php(52): CodeIgniter\Debug\Exceptions->errorHandler(2, 'Attempt to read property "views" on null', 'APPPATH\\Modules\\Master\\Controllers\\Master.php', 52)
 2 SYSTEMPATH\CodeIgniter.php(925): App\Modules\Master\Controllers\Master->branches()
 3 SYSTEMPATH\CodeIgniter.php(480): CodeIgniter\CodeIgniter->runController(Object(App\Modules\Master\Controllers\Master))
 4 SYSTEMPATH\CodeIgniter.php(349): CodeIgniter\CodeIgniter->handleRequest(null, Object(Config\Cache), false)
 5 FCPATH\index.php(67): CodeIgniter\CodeIgniter->run()
CRITICAL - 2023-01-12 03:30:11 --> Attempt to read property "views" on null
in APPPATH\Modules\Master\Controllers\Master.php on line 52.
 1 APPPATH\Modules\Master\Controllers\Master.php(52): CodeIgniter\Debug\Exceptions->errorHandler(2, 'Attempt to read property "views" on null', 'APPPATH\\Modules\\Master\\Controllers\\Master.php', 52)
 2 SYSTEMPATH\CodeIgniter.php(925): App\Modules\Master\Controllers\Master->branches()
 3 SYSTEMPATH\CodeIgniter.php(480): CodeIgniter\CodeIgniter->runController(Object(App\Modules\Master\Controllers\Master))
 4 SYSTEMPATH\CodeIgniter.php(349): CodeIgniter\CodeIgniter->handleRequest(null, Object(Config\Cache), false)
 5 FCPATH\index.php(67): CodeIgniter\CodeIgniter->run()
CRITICAL - 2023-01-12 03:30:52 --> Undefined variable $class
in APPPATH\Modules\Master\Views\branches_view.php on line 42.
 1 APPPATH\Modules\Master\Views\branches_view.php(42): CodeIgniter\Debug\Exceptions->errorHandler(2, 'Undefined variable $class', 'APPPATH\\Modules\\Master\\Views\\branches_view.php', 42)
 2 SYSTEMPATH\View\View.php(213): include('APPPATH\\Modules\\Master\\Views\\branches_view.php')
 3 SYSTEMPATH\View\View.php(216): CodeIgniter\View\View->CodeIgniter\View\{closure}()
 4 SYSTEMPATH\Common.php(1135): CodeIgniter\View\View->render('App\\Modules\\Master\\Views\\branches_view', [], true)
 5 APPPATH\Modules\Master\Controllers\Master.php(52): view('App\\Modules\\Master\\Views\\branches_view', [...])
 6 SYSTEMPATH\CodeIgniter.php(925): App\Modules\Master\Controllers\Master->branches()
 7 SYSTEMPATH\CodeIgniter.php(480): CodeIgniter\CodeIgniter->runController(Object(App\Modules\Master\Controllers\Master))
 8 SYSTEMPATH\CodeIgniter.php(349): CodeIgniter\CodeIgniter->handleRequest(null, Object(Config\Cache), false)
 9 FCPATH\index.php(67): CodeIgniter\CodeIgniter->run()
CRITICAL - 2023-01-12 04:01:23 --> Undefined array key "branch_create"
in APPPATH\Modules\Master\Controllers\Master.php on line 112.
 1 APPPATH\Modules\Master\Controllers\Master.php(112): CodeIgniter\Debug\Exceptions->errorHandler(2, 'Undefined array key "branch_create"', 'APPPATH\\Modules\\Master\\Controllers\\Master.php', 112)
 2 SYSTEMPATH\CodeIgniter.php(925): App\Modules\Master\Controllers\Master->branch()
 3 SYSTEMPATH\CodeIgniter.php(480): CodeIgniter\CodeIgniter->runController(Object(App\Modules\Master\Controllers\Master))
 4 SYSTEMPATH\CodeIgniter.php(349): CodeIgniter\CodeIgniter->handleRequest(null, Object(Config\Cache), false)
 5 FCPATH\index.php(67): CodeIgniter\CodeIgniter->run()
CRITICAL - 2023-01-12 04:03:49 --> Undefined array key "branch_create"
in APPPATH\Modules\Master\Controllers\Master.php on line 112.
 1 APPPATH\Modules\Master\Controllers\Master.php(112): CodeIgniter\Debug\Exceptions->errorHandler(2, 'Undefined array key "branch_create"', 'APPPATH\\Modules\\Master\\Controllers\\Master.php', 112)
 2 SYSTEMPATH\CodeIgniter.php(925): App\Modules\Master\Controllers\Master->branch()
 3 SYSTEMPATH\CodeIgniter.php(480): CodeIgniter\CodeIgniter->runController(Object(App\Modules\Master\Controllers\Master))
 4 SYSTEMPATH\CodeIgniter.php(349): CodeIgniter\CodeIgniter->handleRequest(null, Object(Config\Cache), false)
 5 FCPATH\index.php(67): CodeIgniter\CodeIgniter->run()
