ERROR - 2023-01-10 00:23:34 --> mysqli_sql_exception: Table 'er.users' doesn't exist in C:\xampp\htdocs\er\system\Database\MySQLi\Connection.php:292
Stack trace:
#0 C:\xampp\htdocs\er\system\Database\MySQLi\Connection.php(292): mysqli->query('SELECT *\nFROM `...', 0)
#1 C:\xampp\htdocs\er\system\Database\BaseConnection.php(666): CodeIgniter\Database\MySQLi\Connection->execute('SELECT *\nFROM `...')
#2 C:\xampp\htdocs\er\system\Database\BaseConnection.php(593): CodeIgniter\Database\BaseConnection->simpleQuery('SELECT *\nFROM `...')
#3 C:\xampp\htdocs\er\system\Database\BaseBuilder.php(1585): CodeIgniter\Database\BaseConnection->query('SELECT *\nFROM `...', Array, false)
#4 C:\xampp\htdocs\er\system\Model.php(267): CodeIgniter\Database\BaseBuilder->get()
#5 C:\xampp\htdocs\er\system\BaseModel.php(624): CodeIgniter\Model->doFirst()
#6 C:\xampp\htdocs\er\app\Modules\Auth\Controllers\LoginController.php(74): CodeIgniter\BaseModel->first()
#7 C:\xampp\htdocs\er\system\CodeIgniter.php(925): Auth\Controllers\LoginController->attemptLogin()
#8 C:\xampp\htdocs\er\system\CodeIgniter.php(480): CodeIgniter\CodeIgniter->runController(Object(Auth\Controllers\LoginController))
#9 C:\xampp\htdocs\er\system\CodeIgniter.php(349): CodeIgniter\CodeIgniter->handleRequest(NULL, Object(Config\Cache), false)
#10 C:\xampp\htdocs\er\index.php(67): CodeIgniter\CodeIgniter->run()
#11 {main}
CRITICAL - 2023-01-10 00:23:34 --> Call to a member function getFirstRow() on bool
in SYSTEMPATH\Model.php on line 267.
 1 SYSTEMPATH\BaseModel.php(624): CodeIgniter\Model->doFirst()
 2 APPPATH\Modules\Auth\Controllers\LoginController.php(74): CodeIgniter\BaseModel->first()
 3 SYSTEMPATH\CodeIgniter.php(925): Auth\Controllers\LoginController->attemptLogin()
 4 SYSTEMPATH\CodeIgniter.php(480): CodeIgniter\CodeIgniter->runController(Object(Auth\Controllers\LoginController))
 5 SYSTEMPATH\CodeIgniter.php(349): CodeIgniter\CodeIgniter->handleRequest(null, Object(Config\Cache), false)
 6 FCPATH\index.php(67): CodeIgniter\CodeIgniter->run()
ERROR - 2023-01-10 00:24:28 --> mysqli_sql_exception: Table 'er.users' doesn't exist in C:\xampp\htdocs\er\system\Database\MySQLi\Connection.php:292
Stack trace:
#0 C:\xampp\htdocs\er\system\Database\MySQLi\Connection.php(292): mysqli->query('SELECT *\nFROM `...', 0)
#1 C:\xampp\htdocs\er\system\Database\BaseConnection.php(666): CodeIgniter\Database\MySQLi\Connection->execute('SELECT *\nFROM `...')
#2 C:\xampp\htdocs\er\system\Database\BaseConnection.php(593): CodeIgniter\Database\BaseConnection->simpleQuery('SELECT *\nFROM `...')
#3 C:\xampp\htdocs\er\system\Database\BaseBuilder.php(1585): CodeIgniter\Database\BaseConnection->query('SELECT *\nFROM `...', Array, false)
#4 C:\xampp\htdocs\er\system\Model.php(267): CodeIgniter\Database\BaseBuilder->get()
#5 C:\xampp\htdocs\er\system\BaseModel.php(624): CodeIgniter\Model->doFirst()
#6 C:\xampp\htdocs\er\app\Modules\Auth\Controllers\LoginController.php(74): CodeIgniter\BaseModel->first()
#7 C:\xampp\htdocs\er\system\CodeIgniter.php(925): Auth\Controllers\LoginController->attemptLogin()
#8 C:\xampp\htdocs\er\system\CodeIgniter.php(480): CodeIgniter\CodeIgniter->runController(Object(Auth\Controllers\LoginController))
#9 C:\xampp\htdocs\er\system\CodeIgniter.php(349): CodeIgniter\CodeIgniter->handleRequest(NULL, Object(Config\Cache), false)
#10 C:\xampp\htdocs\er\index.php(67): CodeIgniter\CodeIgniter->run()
#11 {main}
CRITICAL - 2023-01-10 00:24:28 --> Table 'er.users' doesn't exist
in SYSTEMPATH\Database\MySQLi\Connection.php on line 292.
 1 SYSTEMPATH\Database\MySQLi\Connection.php(292): mysqli->query('SELECT *
FROM `users`
WHERE `email` = \'rameshkrpenta@gmail.com\'
 LIMIT 1', 0)
 2 SYSTEMPATH\Database\BaseConnection.php(666): CodeIgniter\Database\MySQLi\Connection->execute('SELECT *
FROM `users`
WHERE `email` = \'rameshkrpenta@gmail.com\'
 LIMIT 1')
 3 SYSTEMPATH\Database\BaseConnection.php(593): CodeIgniter\Database\BaseConnection->simpleQuery('SELECT *
FROM `users`
WHERE `email` = \'rameshkrpenta@gmail.com\'
 LIMIT 1')
 4 SYSTEMPATH\Database\BaseBuilder.php(1585): CodeIgniter\Database\BaseConnection->query('SELECT *
FROM `users`
WHERE `email` = :email:
 LIMIT 1', [...], false)
 5 SYSTEMPATH\Model.php(267): CodeIgniter\Database\BaseBuilder->get()
 6 SYSTEMPATH\BaseModel.php(624): CodeIgniter\Model->doFirst()
 7 APPPATH\Modules\Auth\Controllers\LoginController.php(74): CodeIgniter\BaseModel->first()
 8 SYSTEMPATH\CodeIgniter.php(925): Auth\Controllers\LoginController->attemptLogin()
 9 SYSTEMPATH\CodeIgniter.php(480): CodeIgniter\CodeIgniter->runController(Object(Auth\Controllers\LoginController))
10 SYSTEMPATH\CodeIgniter.php(349): CodeIgniter\CodeIgniter->handleRequest(null, Object(Config\Cache), false)
11 FCPATH\index.php(67): CodeIgniter\CodeIgniter->run()
CRITICAL - 2023-01-10 00:26:01 --> Cannot use object of type stdClass as array
in APPPATH\Modules\Auth\Controllers\LoginController.php on line 77.
 1 SYSTEMPATH\CodeIgniter.php(925): Auth\Controllers\LoginController->attemptLogin()
 2 SYSTEMPATH\CodeIgniter.php(480): CodeIgniter\CodeIgniter->runController(Object(Auth\Controllers\LoginController))
 3 SYSTEMPATH\CodeIgniter.php(349): CodeIgniter\CodeIgniter->handleRequest(null, Object(Config\Cache), false)
 4 FCPATH\index.php(67): CodeIgniter\CodeIgniter->run()
CRITICAL - 2023-01-10 00:27:17 --> Undefined array key "active"
in APPPATH\Modules\Auth\Controllers\LoginController.php on line 83.
 1 APPPATH\Modules\Auth\Controllers\LoginController.php(83): CodeIgniter\Debug\Exceptions->errorHandler(2, 'Undefined array key "active"', 'APPPATH\\Modules\\Auth\\Controllers\\LoginController.php', 83)
 2 SYSTEMPATH\CodeIgniter.php(925): Auth\Controllers\LoginController->attemptLogin()
 3 SYSTEMPATH\CodeIgniter.php(480): CodeIgniter\CodeIgniter->runController(Object(Auth\Controllers\LoginController))
 4 SYSTEMPATH\CodeIgniter.php(349): CodeIgniter\CodeIgniter->handleRequest(null, Object(Config\Cache), false)
 5 FCPATH\index.php(67): CodeIgniter\CodeIgniter->run()
CRITICAL - 2023-01-10 00:29:28 --> Undefined array key "active"
in APPPATH\Modules\Auth\Controllers\LoginController.php on line 83.
 1 APPPATH\Modules\Auth\Controllers\LoginController.php(83): CodeIgniter\Debug\Exceptions->errorHandler(2, 'Undefined array key "active"', 'APPPATH\\Modules\\Auth\\Controllers\\LoginController.php', 83)
 2 SYSTEMPATH\CodeIgniter.php(925): Auth\Controllers\LoginController->attemptLogin()
 3 SYSTEMPATH\CodeIgniter.php(480): CodeIgniter\CodeIgniter->runController(Object(Auth\Controllers\LoginController))
 4 SYSTEMPATH\CodeIgniter.php(349): CodeIgniter\CodeIgniter->handleRequest(null, Object(Config\Cache), false)
 5 FCPATH\index.php(67): CodeIgniter\CodeIgniter->run()
CRITICAL - 2023-01-10 00:33:46 --> Undefined array key "name"
in APPPATH\Modules\Auth\Controllers\LoginController.php on line 94.
 1 APPPATH\Modules\Auth\Controllers\LoginController.php(94): CodeIgniter\Debug\Exceptions->errorHandler(2, 'Undefined array key "name"', 'APPPATH\\Modules\\Auth\\Controllers\\LoginController.php', 94)
 2 SYSTEMPATH\CodeIgniter.php(925): Auth\Controllers\LoginController->attemptLogin()
 3 SYSTEMPATH\CodeIgniter.php(480): CodeIgniter\CodeIgniter->runController(Object(Auth\Controllers\LoginController))
 4 SYSTEMPATH\CodeIgniter.php(349): CodeIgniter\CodeIgniter->handleRequest(null, Object(Config\Cache), false)
 5 FCPATH\index.php(67): CodeIgniter\CodeIgniter->run()
CRITICAL - 2023-01-10 00:43:01 --> Undefined variable $config
in APPPATH\Modules\Dashboard\Views\dashboard_view.php on line 1.
 1 APPPATH\Modules\Dashboard\Views\dashboard_view.php(1): CodeIgniter\Debug\Exceptions->errorHandler(2, 'Undefined variable $config', 'APPPATH\\Modules\\Dashboard\\Views\\dashboard_view.php', 1)
 2 SYSTEMPATH\View\View.php(213): include('APPPATH\\Modules\\Dashboard\\Views\\dashboard_view.php')
 3 SYSTEMPATH\View\View.php(216): CodeIgniter\View\View->CodeIgniter\View\{closure}()
 4 SYSTEMPATH\Common.php(1135): CodeIgniter\View\View->render('App\\Modules\\Dashboard\\Views\\dashboard_view', [], true)
 5 APPPATH\Modules\Dashboard\Controllers\Dashboard.php(67): view('App\\Modules\\Dashboard\\Views\\dashboard_view', [])
 6 SYSTEMPATH\CodeIgniter.php(925): App\Modules\Dashboard\Controllers\Dashboard->index()
 7 SYSTEMPATH\CodeIgniter.php(480): CodeIgniter\CodeIgniter->runController(Object(App\Modules\Dashboard\Controllers\Dashboard))
 8 SYSTEMPATH\CodeIgniter.php(349): CodeIgniter\CodeIgniter->handleRequest(null, Object(Config\Cache), false)
 9 FCPATH\index.php(67): CodeIgniter\CodeIgniter->run()
CRITICAL - 2023-01-10 05:32:16 --> Undefined array key "registration"
in APPPATH\Modules\Auth\Models\UserModel.php on line 91.
 1 APPPATH\Modules\Auth\Models\UserModel.php(91): CodeIgniter\Debug\Exceptions->errorHandler(2, 'Undefined array key "registration"', 'APPPATH\\Modules\\Auth\\Models\\UserModel.php', 91)
 2 APPPATH\Modules\Auth\Controllers\AccountController.php(100): Auth\Models\UserModel->getRule('registration')
 3 SYSTEMPATH\CodeIgniter.php(925): Auth\Controllers\AccountController->userCreate()
 4 SYSTEMPATH\CodeIgniter.php(480): CodeIgniter\CodeIgniter->runController(Object(Auth\Controllers\AccountController))
 5 SYSTEMPATH\CodeIgniter.php(349): CodeIgniter\CodeIgniter->handleRequest(null, Object(Config\Cache), false)
 6 FCPATH\index.php(67): CodeIgniter\CodeIgniter->run()
CRITICAL - 2023-01-10 06:45:20 --> Undefined property: Auth\Config\Auth::$viewLayout2
in APPPATH\Modules\Auth\Views\user_list.php on line 1.
 1 APPPATH\Modules\Auth\Views\user_list.php(1): CodeIgniter\Debug\Exceptions->errorHandler(2, 'Undefined property: Auth\\Config\\Auth::$viewLayout2', 'APPPATH\\Modules\\Auth\\Views\\user_list.php', 1)
 2 SYSTEMPATH\View\View.php(213): include('APPPATH\\Modules\\Auth\\Views\\user_list.php')
 3 SYSTEMPATH\View\View.php(216): CodeIgniter\View\View->CodeIgniter\View\{closure}()
 4 SYSTEMPATH\Common.php(1135): CodeIgniter\View\View->render('Auth\\Views\\user_list', [], true)
 5 APPPATH\Modules\Auth\Controllers\AccountController.php(74): view('Auth\\Views\\user_list', [...])
 6 SYSTEMPATH\CodeIgniter.php(925): Auth\Controllers\AccountController->userList()
 7 SYSTEMPATH\CodeIgniter.php(480): CodeIgniter\CodeIgniter->runController(Object(Auth\Controllers\AccountController))
 8 SYSTEMPATH\CodeIgniter.php(349): CodeIgniter\CodeIgniter->handleRequest(null, Object(Config\Cache), false)
 9 FCPATH\index.php(67): CodeIgniter\CodeIgniter->run()
CRITICAL - 2023-01-10 06:45:35 --> Undefined array key "name"
in APPPATH\Modules\Auth\Views\user_list.php on line 42.
 1 APPPATH\Modules\Auth\Views\user_list.php(42): CodeIgniter\Debug\Exceptions->errorHandler(2, 'Undefined array key "name"', 'APPPATH\\Modules\\Auth\\Views\\user_list.php', 42)
 2 SYSTEMPATH\View\View.php(213): include('APPPATH\\Modules\\Auth\\Views\\user_list.php')
 3 SYSTEMPATH\View\View.php(216): CodeIgniter\View\View->CodeIgniter\View\{closure}()
 4 SYSTEMPATH\Common.php(1135): CodeIgniter\View\View->render('Auth\\Views\\user_list', [], true)
 5 APPPATH\Modules\Auth\Controllers\AccountController.php(74): view('Auth\\Views\\user_list', [...])
 6 SYSTEMPATH\CodeIgniter.php(925): Auth\Controllers\AccountController->userList()
 7 SYSTEMPATH\CodeIgniter.php(480): CodeIgniter\CodeIgniter->runController(Object(Auth\Controllers\AccountController))
 8 SYSTEMPATH\CodeIgniter.php(349): CodeIgniter\CodeIgniter->handleRequest(null, Object(Config\Cache), false)
 9 FCPATH\index.php(67): CodeIgniter\CodeIgniter->run()
